{"/Users/cola/code/viteworks/ts-no-duplicate/src/index.ts": {"path":"/Users/cola/code/viteworks/ts-no-duplicate/src/index.ts","all":false,"statementMap":{"0":{"start":{"line":1,"column":0},"end":{"line":1,"column":47}},"93":{"start":{"line":94,"column":0},"end":{"line":94,"column":32}},"95":{"start":{"line":96,"column":0},"end":{"line":96,"column":27}},"97":{"start":{"line":98,"column":0},"end":{"line":98,"column":45}},"99":{"start":{"line":100,"column":0},"end":{"line":100,"column":66}},"105":{"start":{"line":106,"column":0},"end":{"line":106,"column":46}},"107":{"start":{"line":108,"column":0},"end":{"line":108,"column":20}},"108":{"start":{"line":109,"column":0},"end":{"line":109,"column":38}},"109":{"start":{"line":110,"column":0},"end":{"line":110,"column":29}},"110":{"start":{"line":111,"column":0},"end":{"line":111,"column":78}},"111":{"start":{"line":112,"column":0},"end":{"line":112,"column":47}},"112":{"start":{"line":113,"column":0},"end":{"line":113,"column":22}},"113":{"start":{"line":114,"column":0},"end":{"line":114,"column":22}},"114":{"start":{"line":115,"column":0},"end":{"line":115,"column":14}},"115":{"start":{"line":116,"column":0},"end":{"line":116,"column":37}},"116":{"start":{"line":117,"column":0},"end":{"line":117,"column":42}},"117":{"start":{"line":118,"column":0},"end":{"line":118,"column":32}},"118":{"start":{"line":119,"column":0},"end":{"line":119,"column":25}},"119":{"start":{"line":120,"column":0},"end":{"line":120,"column":8}},"120":{"start":{"line":121,"column":0},"end":{"line":121,"column":17}},"121":{"start":{"line":122,"column":0},"end":{"line":122,"column":35}},"123":{"start":{"line":124,"column":0},"end":{"line":124,"column":32}},"124":{"start":{"line":125,"column":0},"end":{"line":125,"column":50}},"125":{"start":{"line":126,"column":0},"end":{"line":126,"column":41}},"126":{"start":{"line":127,"column":0},"end":{"line":127,"column":7}},"127":{"start":{"line":128,"column":0},"end":{"line":128,"column":3}},"134":{"start":{"line":135,"column":0},"end":{"line":135,"column":67}},"135":{"start":{"line":136,"column":0},"end":{"line":136,"column":54}},"137":{"start":{"line":138,"column":0},"end":{"line":138,"column":18}},"138":{"start":{"line":139,"column":0},"end":{"line":139,"column":68}},"139":{"start":{"line":140,"column":0},"end":{"line":140,"column":5}},"142":{"start":{"line":143,"column":0},"end":{"line":143,"column":43}},"143":{"start":{"line":144,"column":0},"end":{"line":144,"column":44}},"144":{"start":{"line":145,"column":0},"end":{"line":145,"column":5}},"147":{"start":{"line":148,"column":0},"end":{"line":148,"column":33}},"148":{"start":{"line":149,"column":0},"end":{"line":149,"column":3}},"154":{"start":{"line":155,"column":0},"end":{"line":155,"column":50}},"155":{"start":{"line":156,"column":0},"end":{"line":156,"column":57}},"156":{"start":{"line":157,"column":0},"end":{"line":157,"column":42}},"159":{"start":{"line":160,"column":0},"end":{"line":160,"column":73}},"160":{"start":{"line":161,"column":0},"end":{"line":161,"column":43}},"161":{"start":{"line":162,"column":0},"end":{"line":162,"column":8}},"163":{"start":{"line":164,"column":0},"end":{"line":164,"column":40}},"166":{"start":{"line":167,"column":0},"end":{"line":167,"column":73}},"167":{"start":{"line":168,"column":0},"end":{"line":168,"column":43}},"168":{"start":{"line":169,"column":0},"end":{"line":169,"column":8}},"170":{"start":{"line":171,"column":0},"end":{"line":171,"column":29}},"171":{"start":{"line":172,"column":0},"end":{"line":172,"column":7}},"172":{"start":{"line":173,"column":0},"end":{"line":173,"column":3}},"180":{"start":{"line":181,"column":0},"end":{"line":181,"column":67}},"182":{"start":{"line":183,"column":0},"end":{"line":183,"column":25}},"183":{"start":{"line":184,"column":0},"end":{"line":184,"column":47}},"184":{"start":{"line":185,"column":0},"end":{"line":185,"column":54}},"185":{"start":{"line":186,"column":0},"end":{"line":186,"column":46}},"187":{"start":{"line":188,"column":0},"end":{"line":188,"column":44}},"188":{"start":{"line":189,"column":0},"end":{"line":189,"column":3}},"194":{"start":{"line":195,"column":0},"end":{"line":195,"column":71}},"195":{"start":{"line":196,"column":0},"end":{"line":196,"column":71}},"198":{"start":{"line":199,"column":0},"end":{"line":199,"column":77}},"199":{"start":{"line":200,"column":0},"end":{"line":200,"column":72}},"200":{"start":{"line":201,"column":0},"end":{"line":201,"column":79}},"201":{"start":{"line":202,"column":0},"end":{"line":202,"column":75}},"202":{"start":{"line":203,"column":0},"end":{"line":203,"column":69}},"205":{"start":{"line":206,"column":0},"end":{"line":206,"column":9}},"206":{"start":{"line":207,"column":0},"end":{"line":207,"column":63}},"207":{"start":{"line":208,"column":0},"end":{"line":208,"column":62}},"208":{"start":{"line":209,"column":0},"end":{"line":209,"column":13}},"210":{"start":{"line":211,"column":0},"end":{"line":211,"column":5}},"213":{"start":{"line":214,"column":0},"end":{"line":214,"column":61}},"214":{"start":{"line":215,"column":0},"end":{"line":215,"column":37}},"215":{"start":{"line":216,"column":0},"end":{"line":216,"column":79}},"216":{"start":{"line":217,"column":0},"end":{"line":217,"column":65}},"217":{"start":{"line":218,"column":0},"end":{"line":218,"column":7}},"218":{"start":{"line":219,"column":0},"end":{"line":219,"column":7}},"219":{"start":{"line":220,"column":0},"end":{"line":220,"column":3}},"227":{"start":{"line":228,"column":0},"end":{"line":228,"column":102}},"228":{"start":{"line":229,"column":0},"end":{"line":229,"column":71}},"230":{"start":{"line":231,"column":0},"end":{"line":231,"column":34}},"231":{"start":{"line":232,"column":0},"end":{"line":232,"column":36}},"233":{"start":{"line":234,"column":0},"end":{"line":234,"column":76}},"234":{"start":{"line":235,"column":0},"end":{"line":235,"column":56}},"235":{"start":{"line":236,"column":0},"end":{"line":236,"column":7}},"236":{"start":{"line":237,"column":0},"end":{"line":237,"column":7}},"237":{"start":{"line":238,"column":0},"end":{"line":238,"column":3}},"246":{"start":{"line":247,"column":0},"end":{"line":247,"column":98}},"248":{"start":{"line":249,"column":0},"end":{"line":249,"column":56}},"249":{"start":{"line":250,"column":0},"end":{"line":250,"column":56}},"252":{"start":{"line":253,"column":0},"end":{"line":253,"column":34}},"253":{"start":{"line":254,"column":0},"end":{"line":254,"column":32}},"254":{"start":{"line":255,"column":0},"end":{"line":255,"column":44}},"255":{"start":{"line":256,"column":0},"end":{"line":256,"column":64}},"258":{"start":{"line":259,"column":0},"end":{"line":259,"column":53}},"260":{"start":{"line":261,"column":0},"end":{"line":261,"column":43}},"261":{"start":{"line":262,"column":0},"end":{"line":262,"column":21}},"262":{"start":{"line":263,"column":0},"end":{"line":263,"column":31}},"263":{"start":{"line":264,"column":0},"end":{"line":264,"column":35}},"264":{"start":{"line":265,"column":0},"end":{"line":265,"column":14}},"265":{"start":{"line":266,"column":0},"end":{"line":266,"column":6}},"268":{"start":{"line":269,"column":0},"end":{"line":269,"column":38}},"269":{"start":{"line":270,"column":0},"end":{"line":270,"column":37}},"270":{"start":{"line":271,"column":0},"end":{"line":271,"column":5}},"272":{"start":{"line":273,"column":0},"end":{"line":273,"column":47}},"273":{"start":{"line":274,"column":0},"end":{"line":274,"column":3}},"280":{"start":{"line":281,"column":0},"end":{"line":281,"column":52}},"281":{"start":{"line":282,"column":0},"end":{"line":282,"column":9}},"282":{"start":{"line":283,"column":0},"end":{"line":283,"column":34}},"283":{"start":{"line":284,"column":0},"end":{"line":284,"column":37}},"284":{"start":{"line":285,"column":0},"end":{"line":285,"column":40}},"286":{"start":{"line":287,"column":0},"end":{"line":287,"column":86}},"287":{"start":{"line":288,"column":0},"end":{"line":288,"column":13}},"288":{"start":{"line":289,"column":0},"end":{"line":289,"column":16}},"289":{"start":{"line":290,"column":0},"end":{"line":290,"column":5}},"290":{"start":{"line":291,"column":0},"end":{"line":291,"column":3}},"297":{"start":{"line":298,"column":0},"end":{"line":298,"column":42}},"298":{"start":{"line":299,"column":0},"end":{"line":299,"column":9}},"299":{"start":{"line":300,"column":0},"end":{"line":300,"column":59}},"300":{"start":{"line":301,"column":0},"end":{"line":301,"column":60}},"301":{"start":{"line":302,"column":0},"end":{"line":302,"column":59}},"302":{"start":{"line":303,"column":0},"end":{"line":303,"column":14}},"303":{"start":{"line":304,"column":0},"end":{"line":304,"column":13}},"304":{"start":{"line":305,"column":0},"end":{"line":305,"column":19}},"305":{"start":{"line":306,"column":0},"end":{"line":306,"column":5}},"306":{"start":{"line":307,"column":0},"end":{"line":307,"column":3}},"308":{"start":{"line":309,"column":0},"end":{"line":309,"column":45}},"309":{"start":{"line":310,"column":0},"end":{"line":310,"column":49}},"310":{"start":{"line":311,"column":0},"end":{"line":311,"column":30}},"312":{"start":{"line":313,"column":0},"end":{"line":313,"column":65}},"313":{"start":{"line":314,"column":0},"end":{"line":314,"column":44}},"315":{"start":{"line":316,"column":0},"end":{"line":316,"column":33}},"316":{"start":{"line":317,"column":0},"end":{"line":317,"column":44}},"319":{"start":{"line":320,"column":0},"end":{"line":320,"column":86}},"321":{"start":{"line":322,"column":0},"end":{"line":322,"column":43}},"322":{"start":{"line":323,"column":0},"end":{"line":323,"column":32}},"323":{"start":{"line":324,"column":0},"end":{"line":324,"column":17}},"324":{"start":{"line":325,"column":0},"end":{"line":325,"column":42}},"325":{"start":{"line":326,"column":0},"end":{"line":326,"column":44}},"326":{"start":{"line":327,"column":0},"end":{"line":327,"column":41}},"327":{"start":{"line":328,"column":0},"end":{"line":328,"column":13}},"328":{"start":{"line":329,"column":0},"end":{"line":329,"column":9}},"329":{"start":{"line":330,"column":0},"end":{"line":330,"column":7}},"330":{"start":{"line":331,"column":0},"end":{"line":331,"column":5}},"333":{"start":{"line":334,"column":0},"end":{"line":334,"column":54}},"335":{"start":{"line":336,"column":0},"end":{"line":336,"column":12}},"336":{"start":{"line":337,"column":0},"end":{"line":337,"column":16}},"337":{"start":{"line":338,"column":0},"end":{"line":338,"column":57}},"338":{"start":{"line":339,"column":0},"end":{"line":339,"column":26}},"339":{"start":{"line":340,"column":0},"end":{"line":340,"column":48}},"340":{"start":{"line":341,"column":0},"end":{"line":341,"column":92}},"341":{"start":{"line":342,"column":0},"end":{"line":342,"column":8}},"342":{"start":{"line":343,"column":0},"end":{"line":343,"column":34}},"343":{"start":{"line":344,"column":0},"end":{"line":344,"column":6}},"344":{"start":{"line":345,"column":0},"end":{"line":345,"column":3}},"352":{"start":{"line":353,"column":0},"end":{"line":353,"column":102}},"353":{"start":{"line":354,"column":0},"end":{"line":354,"column":43}},"356":{"start":{"line":357,"column":0},"end":{"line":357,"column":75}},"357":{"start":{"line":358,"column":0},"end":{"line":358,"column":66}},"360":{"start":{"line":361,"column":0},"end":{"line":361,"column":49}},"361":{"start":{"line":362,"column":0},"end":{"line":362,"column":45}},"362":{"start":{"line":363,"column":0},"end":{"line":363,"column":44}},"363":{"start":{"line":364,"column":0},"end":{"line":364,"column":9}},"364":{"start":{"line":365,"column":0},"end":{"line":365,"column":54}},"365":{"start":{"line":366,"column":0},"end":{"line":366,"column":7}},"368":{"start":{"line":369,"column":0},"end":{"line":369,"column":81}},"369":{"start":{"line":370,"column":0},"end":{"line":370,"column":5}},"372":{"start":{"line":373,"column":0},"end":{"line":373,"column":57}},"373":{"start":{"line":374,"column":0},"end":{"line":374,"column":68}},"375":{"start":{"line":376,"column":0},"end":{"line":376,"column":28}},"376":{"start":{"line":377,"column":0},"end":{"line":377,"column":18}},"377":{"start":{"line":378,"column":0},"end":{"line":378,"column":7}},"378":{"start":{"line":379,"column":0},"end":{"line":379,"column":5}},"381":{"start":{"line":382,"column":0},"end":{"line":382,"column":66}},"382":{"start":{"line":383,"column":0},"end":{"line":383,"column":45}},"383":{"start":{"line":384,"column":0},"end":{"line":384,"column":53}},"385":{"start":{"line":386,"column":0},"end":{"line":386,"column":70}},"386":{"start":{"line":387,"column":0},"end":{"line":387,"column":7}},"387":{"start":{"line":388,"column":0},"end":{"line":388,"column":5}},"389":{"start":{"line":390,"column":0},"end":{"line":390,"column":29}},"390":{"start":{"line":391,"column":0},"end":{"line":391,"column":3}},"391":{"start":{"line":392,"column":0},"end":{"line":392,"column":1}},"397":{"start":{"line":398,"column":0},"end":{"line":398,"column":30}},"398":{"start":{"line":399,"column":0},"end":{"line":399,"column":49}},"399":{"start":{"line":400,"column":0},"end":{"line":400,"column":41}},"402":{"start":{"line":403,"column":0},"end":{"line":403,"column":35}},"403":{"start":{"line":404,"column":0},"end":{"line":404,"column":56}},"404":{"start":{"line":405,"column":0},"end":{"line":405,"column":63}},"405":{"start":{"line":406,"column":0},"end":{"line":406,"column":61}},"406":{"start":{"line":407,"column":0},"end":{"line":407,"column":70}},"408":{"start":{"line":409,"column":0},"end":{"line":409,"column":41}},"409":{"start":{"line":410,"column":0},"end":{"line":410,"column":45}},"410":{"start":{"line":411,"column":0},"end":{"line":411,"column":13}},"411":{"start":{"line":412,"column":0},"end":{"line":412,"column":5}},"413":{"start":{"line":414,"column":0},"end":{"line":414,"column":72}},"415":{"start":{"line":416,"column":0},"end":{"line":416,"column":49}},"416":{"start":{"line":417,"column":0},"end":{"line":417,"column":54}},"417":{"start":{"line":418,"column":0},"end":{"line":418,"column":111}},"419":{"start":{"line":420,"column":0},"end":{"line":420,"column":55}},"420":{"start":{"line":421,"column":0},"end":{"line":421,"column":77}},"421":{"start":{"line":422,"column":0},"end":{"line":422,"column":101}},"423":{"start":{"line":424,"column":0},"end":{"line":424,"column":31}},"424":{"start":{"line":425,"column":0},"end":{"line":425,"column":62}},"425":{"start":{"line":426,"column":0},"end":{"line":426,"column":9}},"426":{"start":{"line":427,"column":0},"end":{"line":427,"column":9}},"427":{"start":{"line":428,"column":0},"end":{"line":428,"column":20}},"428":{"start":{"line":429,"column":0},"end":{"line":429,"column":7}},"429":{"start":{"line":430,"column":0},"end":{"line":430,"column":3}},"431":{"start":{"line":432,"column":0},"end":{"line":432,"column":46}},"432":{"start":{"line":433,"column":0},"end":{"line":433,"column":49}},"433":{"start":{"line":434,"column":0},"end":{"line":434,"column":3}},"435":{"start":{"line":436,"column":0},"end":{"line":436,"column":50}},"436":{"start":{"line":437,"column":0},"end":{"line":437,"column":43}},"438":{"start":{"line":439,"column":0},"end":{"line":439,"column":27}},"439":{"start":{"line":440,"column":0},"end":{"line":440,"column":56}},"440":{"start":{"line":441,"column":0},"end":{"line":441,"column":63}},"441":{"start":{"line":442,"column":0},"end":{"line":442,"column":61}},"442":{"start":{"line":443,"column":0},"end":{"line":443,"column":70}},"444":{"start":{"line":445,"column":0},"end":{"line":445,"column":41}},"445":{"start":{"line":446,"column":0},"end":{"line":446,"column":38}},"446":{"start":{"line":447,"column":0},"end":{"line":447,"column":13}},"447":{"start":{"line":448,"column":0},"end":{"line":448,"column":5}},"449":{"start":{"line":450,"column":0},"end":{"line":450,"column":31}},"451":{"start":{"line":452,"column":0},"end":{"line":452,"column":49}},"452":{"start":{"line":453,"column":0},"end":{"line":453,"column":96}},"454":{"start":{"line":455,"column":0},"end":{"line":455,"column":43}},"455":{"start":{"line":456,"column":0},"end":{"line":456,"column":82}},"456":{"start":{"line":457,"column":0},"end":{"line":457,"column":31}},"457":{"start":{"line":458,"column":0},"end":{"line":458,"column":77}},"458":{"start":{"line":459,"column":0},"end":{"line":459,"column":9}},"459":{"start":{"line":460,"column":0},"end":{"line":460,"column":9}},"460":{"start":{"line":461,"column":0},"end":{"line":461,"column":20}},"461":{"start":{"line":462,"column":0},"end":{"line":462,"column":7}},"462":{"start":{"line":463,"column":0},"end":{"line":463,"column":3}},"464":{"start":{"line":465,"column":0},"end":{"line":465,"column":71}},"465":{"start":{"line":466,"column":0},"end":{"line":466,"column":62}},"466":{"start":{"line":467,"column":0},"end":{"line":467,"column":27}},"467":{"start":{"line":468,"column":0},"end":{"line":468,"column":25}},"468":{"start":{"line":469,"column":0},"end":{"line":469,"column":31}},"469":{"start":{"line":470,"column":0},"end":{"line":470,"column":23}},"470":{"start":{"line":471,"column":0},"end":{"line":471,"column":25}},"471":{"start":{"line":472,"column":0},"end":{"line":472,"column":26}},"472":{"start":{"line":473,"column":0},"end":{"line":473,"column":28}},"473":{"start":{"line":474,"column":0},"end":{"line":474,"column":6}},"474":{"start":{"line":475,"column":0},"end":{"line":475,"column":39}},"475":{"start":{"line":476,"column":0},"end":{"line":476,"column":3}},"476":{"start":{"line":477,"column":0},"end":{"line":477,"column":1}},"482":{"start":{"line":483,"column":0},"end":{"line":483,"column":27}},"483":{"start":{"line":484,"column":0},"end":{"line":484,"column":68}},"484":{"start":{"line":485,"column":0},"end":{"line":485,"column":44}},"485":{"start":{"line":486,"column":0},"end":{"line":486,"column":38}},"486":{"start":{"line":487,"column":0},"end":{"line":487,"column":29}},"487":{"start":{"line":488,"column":0},"end":{"line":488,"column":24}},"488":{"start":{"line":489,"column":0},"end":{"line":489,"column":23}},"489":{"start":{"line":490,"column":0},"end":{"line":490,"column":23}},"490":{"start":{"line":491,"column":0},"end":{"line":491,"column":20}},"491":{"start":{"line":492,"column":0},"end":{"line":492,"column":29}},"492":{"start":{"line":493,"column":0},"end":{"line":493,"column":21}},"493":{"start":{"line":494,"column":0},"end":{"line":494,"column":22}},"494":{"start":{"line":495,"column":0},"end":{"line":495,"column":8}},"495":{"start":{"line":496,"column":0},"end":{"line":496,"column":47}},"496":{"start":{"line":497,"column":0},"end":{"line":497,"column":22}},"497":{"start":{"line":498,"column":0},"end":{"line":498,"column":6}},"499":{"start":{"line":500,"column":0},"end":{"line":500,"column":22}},"501":{"start":{"line":502,"column":0},"end":{"line":502,"column":29}},"502":{"start":{"line":503,"column":0},"end":{"line":503,"column":38}},"503":{"start":{"line":504,"column":0},"end":{"line":504,"column":36}},"504":{"start":{"line":505,"column":0},"end":{"line":505,"column":44}},"505":{"start":{"line":506,"column":0},"end":{"line":506,"column":42}},"506":{"start":{"line":507,"column":0},"end":{"line":507,"column":8}},"508":{"start":{"line":509,"column":0},"end":{"line":509,"column":41}},"509":{"start":{"line":510,"column":0},"end":{"line":510,"column":13}},"510":{"start":{"line":511,"column":0},"end":{"line":511,"column":49}},"511":{"start":{"line":512,"column":0},"end":{"line":512,"column":32}},"512":{"start":{"line":513,"column":0},"end":{"line":513,"column":28}},"513":{"start":{"line":514,"column":0},"end":{"line":514,"column":16}},"514":{"start":{"line":515,"column":0},"end":{"line":515,"column":17}},"516":{"start":{"line":517,"column":0},"end":{"line":517,"column":9}},"517":{"start":{"line":518,"column":0},"end":{"line":518,"column":7}},"518":{"start":{"line":519,"column":0},"end":{"line":519,"column":5}},"520":{"start":{"line":521,"column":0},"end":{"line":521,"column":22}},"521":{"start":{"line":522,"column":0},"end":{"line":522,"column":27}},"522":{"start":{"line":523,"column":0},"end":{"line":523,"column":5}},"524":{"start":{"line":525,"column":0},"end":{"line":525,"column":9}},"525":{"start":{"line":526,"column":0},"end":{"line":526,"column":59}},"526":{"start":{"line":527,"column":0},"end":{"line":527,"column":53}},"527":{"start":{"line":528,"column":0},"end":{"line":528,"column":21}},"528":{"start":{"line":529,"column":0},"end":{"line":529,"column":57}},"529":{"start":{"line":530,"column":0},"end":{"line":530,"column":27}},"530":{"start":{"line":531,"column":0},"end":{"line":531,"column":5}},"531":{"start":{"line":532,"column":0},"end":{"line":532,"column":3}},"533":{"start":{"line":534,"column":0},"end":{"line":534,"column":73}},"534":{"start":{"line":535,"column":0},"end":{"line":535,"column":43}},"535":{"start":{"line":536,"column":0},"end":{"line":536,"column":38}},"537":{"start":{"line":538,"column":0},"end":{"line":538,"column":41}},"539":{"start":{"line":540,"column":0},"end":{"line":540,"column":26}},"540":{"start":{"line":541,"column":0},"end":{"line":541,"column":61}},"541":{"start":{"line":542,"column":0},"end":{"line":542,"column":33}},"542":{"start":{"line":543,"column":0},"end":{"line":543,"column":31}},"543":{"start":{"line":544,"column":0},"end":{"line":544,"column":46}},"544":{"start":{"line":545,"column":0},"end":{"line":545,"column":38}},"545":{"start":{"line":546,"column":0},"end":{"line":546,"column":12}},"546":{"start":{"line":547,"column":0},"end":{"line":547,"column":44}},"547":{"start":{"line":548,"column":0},"end":{"line":548,"column":5}},"548":{"start":{"line":549,"column":0},"end":{"line":549,"column":3}},"550":{"start":{"line":551,"column":0},"end":{"line":551,"column":96}},"551":{"start":{"line":552,"column":0},"end":{"line":552,"column":12}},"552":{"start":{"line":553,"column":0},"end":{"line":553,"column":74}},"553":{"start":{"line":554,"column":0},"end":{"line":554,"column":83}},"554":{"start":{"line":555,"column":0},"end":{"line":555,"column":83}},"555":{"start":{"line":556,"column":0},"end":{"line":556,"column":83}},"556":{"start":{"line":557,"column":0},"end":{"line":557,"column":71}},"557":{"start":{"line":558,"column":0},"end":{"line":558,"column":71}},"558":{"start":{"line":559,"column":0},"end":{"line":559,"column":14}},"559":{"start":{"line":560,"column":0},"end":{"line":560,"column":31}},"560":{"start":{"line":561,"column":0},"end":{"line":561,"column":28}},"561":{"start":{"line":562,"column":0},"end":{"line":562,"column":8}},"562":{"start":{"line":563,"column":0},"end":{"line":563,"column":6}},"563":{"start":{"line":564,"column":0},"end":{"line":564,"column":3}},"564":{"start":{"line":565,"column":0},"end":{"line":565,"column":1}},"570":{"start":{"line":571,"column":0},"end":{"line":571,"column":23}},"571":{"start":{"line":572,"column":0},"end":{"line":572,"column":9}},"572":{"start":{"line":573,"column":0},"end":{"line":573,"column":34}},"573":{"start":{"line":574,"column":0},"end":{"line":574,"column":42}},"574":{"start":{"line":575,"column":0},"end":{"line":575,"column":21}},"575":{"start":{"line":576,"column":0},"end":{"line":576,"column":74}},"576":{"start":{"line":577,"column":0},"end":{"line":577,"column":79}},"577":{"start":{"line":578,"column":0},"end":{"line":578,"column":55}},"578":{"start":{"line":579,"column":0},"end":{"line":579,"column":82}},"579":{"start":{"line":580,"column":0},"end":{"line":580,"column":73}},"580":{"start":{"line":581,"column":0},"end":{"line":581,"column":55}},"581":{"start":{"line":582,"column":0},"end":{"line":582,"column":39}},"582":{"start":{"line":583,"column":0},"end":{"line":583,"column":45}},"583":{"start":{"line":584,"column":0},"end":{"line":584,"column":32}},"584":{"start":{"line":585,"column":0},"end":{"line":585,"column":11}},"586":{"start":{"line":587,"column":0},"end":{"line":587,"column":40}},"587":{"start":{"line":588,"column":0},"end":{"line":588,"column":66}},"588":{"start":{"line":589,"column":0},"end":{"line":589,"column":9}},"591":{"start":{"line":592,"column":0},"end":{"line":592,"column":65}},"594":{"start":{"line":595,"column":0},"end":{"line":595,"column":50}},"595":{"start":{"line":596,"column":0},"end":{"line":596,"column":62}},"596":{"start":{"line":597,"column":0},"end":{"line":597,"column":77}},"597":{"start":{"line":598,"column":0},"end":{"line":598,"column":97}},"598":{"start":{"line":599,"column":0},"end":{"line":599,"column":97}},"599":{"start":{"line":600,"column":0},"end":{"line":600,"column":97}},"600":{"start":{"line":601,"column":0},"end":{"line":601,"column":10}},"602":{"start":{"line":603,"column":0},"end":{"line":603,"column":64}},"603":{"start":{"line":604,"column":0},"end":{"line":604,"column":72}},"606":{"start":{"line":607,"column":0},"end":{"line":607,"column":40}},"607":{"start":{"line":608,"column":0},"end":{"line":608,"column":32}},"609":{"start":{"line":610,"column":0},"end":{"line":610,"column":29}},"610":{"start":{"line":611,"column":0},"end":{"line":611,"column":63}},"611":{"start":{"line":612,"column":0},"end":{"line":612,"column":9}},"613":{"start":{"line":614,"column":0},"end":{"line":614,"column":33}},"614":{"start":{"line":615,"column":0},"end":{"line":615,"column":22}},"615":{"start":{"line":616,"column":0},"end":{"line":616,"column":41}},"616":{"start":{"line":617,"column":0},"end":{"line":617,"column":18}},"617":{"start":{"line":618,"column":0},"end":{"line":618,"column":26}},"618":{"start":{"line":619,"column":0},"end":{"line":619,"column":45}},"619":{"start":{"line":620,"column":0},"end":{"line":620,"column":18}},"620":{"start":{"line":621,"column":0},"end":{"line":621,"column":18}},"621":{"start":{"line":622,"column":0},"end":{"line":622,"column":44}},"622":{"start":{"line":623,"column":0},"end":{"line":623,"column":9}},"624":{"start":{"line":625,"column":0},"end":{"line":625,"column":29}},"625":{"start":{"line":626,"column":0},"end":{"line":626,"column":36}},"626":{"start":{"line":627,"column":0},"end":{"line":627,"column":49}},"627":{"start":{"line":628,"column":0},"end":{"line":628,"column":62}},"628":{"start":{"line":629,"column":0},"end":{"line":629,"column":66}},"629":{"start":{"line":630,"column":0},"end":{"line":630,"column":9}},"632":{"start":{"line":633,"column":0},"end":{"line":633,"column":43}},"633":{"start":{"line":634,"column":0},"end":{"line":634,"column":26}},"634":{"start":{"line":635,"column":0},"end":{"line":635,"column":9}},"635":{"start":{"line":636,"column":0},"end":{"line":636,"column":23}},"636":{"start":{"line":637,"column":0},"end":{"line":637,"column":49}},"637":{"start":{"line":638,"column":0},"end":{"line":638,"column":29}},"638":{"start":{"line":639,"column":0},"end":{"line":639,"column":24}},"639":{"start":{"line":640,"column":0},"end":{"line":640,"column":7}},"640":{"start":{"line":641,"column":0},"end":{"line":641,"column":7}},"642":{"start":{"line":643,"column":0},"end":{"line":643,"column":29}},"643":{"start":{"line":644,"column":0},"end":{"line":644,"column":1}},"646":{"start":{"line":647,"column":0},"end":{"line":647,"column":54}},"647":{"start":{"line":648,"column":0},"end":{"line":648,"column":30}},"648":{"start":{"line":649,"column":0},"end":{"line":649,"column":1}}},"s":{"0":1,"93":1,"95":17,"97":17,"99":17,"105":17,"107":17,"108":17,"109":17,"110":17,"111":17,"112":17,"113":17,"114":17,"115":17,"116":17,"117":17,"118":17,"119":17,"120":17,"121":17,"123":17,"124":17,"125":17,"126":17,"127":17,"134":17,"135":17,"137":17,"138":9,"139":9,"142":17,"143":48,"144":48,"147":17,"148":17,"154":17,"155":17,"156":221,"159":221,"160":221,"161":221,"163":221,"166":48,"167":2,"168":48,"170":48,"171":17,"172":17,"180":17,"182":223,"183":223,"184":223,"185":223,"187":223,"188":223,"194":17,"195":48,"198":48,"199":48,"200":48,"201":48,"202":48,"205":48,"206":48,"207":48,"208":48,"210":0,"213":48,"214":10,"215":10,"216":10,"217":10,"218":48,"219":48,"227":17,"228":288,"230":288,"231":152,"233":152,"234":152,"235":152,"236":288,"237":288,"246":17,"248":162,"249":158,"252":156,"253":156,"254":156,"255":156,"258":156,"260":156,"261":156,"262":156,"263":156,"264":156,"265":156,"268":162,"269":126,"270":126,"272":156,"273":162,"280":17,"281":156,"282":156,"283":156,"284":156,"286":156,"287":156,"288":0,"289":0,"290":156,"297":17,"298":137,"299":137,"300":0,"301":0,"302":0,"303":137,"304":0,"305":0,"306":137,"308":17,"309":17,"310":17,"312":17,"313":126,"315":126,"316":30,"319":30,"321":30,"322":29,"323":29,"324":29,"325":29,"326":29,"327":29,"328":29,"329":30,"330":126,"333":17,"335":17,"336":17,"337":17,"338":17,"339":17,"340":17,"341":17,"342":17,"343":17,"344":17,"352":17,"353":30,"356":30,"357":7,"360":7,"361":14,"362":14,"363":14,"364":14,"365":14,"368":7,"369":7,"372":30,"373":29,"375":29,"376":0,"377":0,"378":29,"381":30,"382":30,"383":30,"385":1,"386":1,"387":30,"389":30,"390":30,"391":17,"397":1,"398":1,"399":2,"402":2,"403":2,"404":2,"405":2,"406":2,"408":2,"409":1,"410":1,"411":1,"413":1,"415":1,"416":2,"417":2,"419":2,"420":5,"421":5,"423":5,"424":5,"425":5,"426":2,"427":2,"428":1,"429":2,"431":1,"432":1,"433":1,"435":1,"436":2,"438":2,"439":2,"440":2,"441":2,"442":2,"444":2,"445":1,"446":1,"447":1,"449":1,"451":1,"452":2,"454":2,"455":5,"456":5,"457":5,"458":5,"459":2,"460":2,"461":1,"462":2,"464":1,"465":2,"466":2,"467":2,"468":2,"469":2,"470":2,"471":2,"472":2,"473":2,"474":2,"475":2,"476":1,"482":1,"483":1,"484":5,"485":5,"486":5,"487":5,"488":5,"489":5,"490":5,"491":5,"492":5,"493":5,"494":5,"495":5,"496":5,"497":5,"499":5,"501":2,"502":2,"503":2,"504":2,"505":2,"506":2,"508":2,"509":5,"510":5,"511":5,"512":1,"513":1,"514":5,"516":4,"517":5,"518":2,"520":5,"521":1,"522":1,"524":4,"525":4,"526":3,"527":5,"528":1,"529":1,"530":1,"531":5,"533":1,"534":4,"535":4,"537":4,"539":4,"540":4,"541":4,"542":4,"543":0,"544":0,"545":0,"546":0,"547":0,"548":4,"550":1,"551":3,"552":3,"553":3,"554":3,"555":3,"556":3,"557":3,"558":3,"559":3,"560":3,"561":3,"562":3,"563":3,"564":1,"570":0,"571":0,"572":0,"573":0,"574":0,"575":0,"576":0,"577":0,"578":0,"579":0,"580":0,"581":0,"582":0,"583":0,"584":0,"586":0,"587":0,"588":0,"591":0,"594":0,"595":0,"596":0,"597":0,"598":0,"599":0,"600":0,"602":0,"603":0,"606":0,"607":0,"609":0,"610":0,"611":0,"613":0,"614":0,"615":0,"616":0,"617":0,"618":0,"619":0,"620":0,"621":0,"622":0,"624":0,"625":0,"626":0,"627":0,"628":0,"629":0,"632":0,"633":0,"634":0,"635":0,"636":0,"637":0,"638":0,"639":0,"640":0,"642":0,"643":0,"646":1,"647":0,"648":0},"branchMap":{"0":{"type":"branch","line":647,"loc":{"start":{"line":647,"column":53},"end":{"line":649,"column":1}},"locations":[{"start":{"line":647,"column":53},"end":{"line":649,"column":1}}]},"1":{"type":"branch","line":94,"loc":{"start":{"line":94,"column":31},"end":{"line":392,"column":1}},"locations":[{"start":{"line":94,"column":31},"end":{"line":392,"column":1}}]},"2":{"type":"branch","line":106,"loc":{"start":{"line":106,"column":2},"end":{"line":128,"column":3}},"locations":[{"start":{"line":106,"column":2},"end":{"line":128,"column":3}}]},"3":{"type":"branch","line":135,"loc":{"start":{"line":135,"column":2},"end":{"line":149,"column":3}},"locations":[{"start":{"line":135,"column":2},"end":{"line":149,"column":3}}]},"4":{"type":"branch","line":138,"loc":{"start":{"line":138,"column":17},"end":{"line":140,"column":5}},"locations":[{"start":{"line":138,"column":17},"end":{"line":140,"column":5}}]},"5":{"type":"branch","line":143,"loc":{"start":{"line":143,"column":42},"end":{"line":145,"column":5}},"locations":[{"start":{"line":143,"column":42},"end":{"line":145,"column":5}}]},"6":{"type":"branch","line":155,"loc":{"start":{"line":155,"column":10},"end":{"line":173,"column":3}},"locations":[{"start":{"line":155,"column":10},"end":{"line":173,"column":3}}]},"7":{"type":"branch","line":156,"loc":{"start":{"line":156,"column":48},"end":{"line":172,"column":5}},"locations":[{"start":{"line":156,"column":48},"end":{"line":172,"column":5}}]},"8":{"type":"branch","line":164,"loc":{"start":{"line":164,"column":27},"end":{"line":164,"column":40}},"locations":[{"start":{"line":164,"column":27},"end":{"line":164,"column":40}}]},"9":{"type":"branch","line":164,"loc":{"start":{"line":164,"column":34},"end":{"line":171,"column":29}},"locations":[{"start":{"line":164,"column":34},"end":{"line":171,"column":29}}]},"10":{"type":"branch","line":160,"loc":{"start":{"line":160,"column":63},"end":{"line":161,"column":43}},"locations":[{"start":{"line":160,"column":63},"end":{"line":161,"column":43}}]},"11":{"type":"branch","line":167,"loc":{"start":{"line":167,"column":63},"end":{"line":168,"column":43}},"locations":[{"start":{"line":167,"column":63},"end":{"line":168,"column":43}}]},"12":{"type":"branch","line":181,"loc":{"start":{"line":181,"column":10},"end":{"line":189,"column":3}},"locations":[{"start":{"line":181,"column":10},"end":{"line":189,"column":3}}]},"13":{"type":"branch","line":195,"loc":{"start":{"line":195,"column":2},"end":{"line":220,"column":3}},"locations":[{"start":{"line":195,"column":2},"end":{"line":220,"column":3}}]},"14":{"type":"branch","line":207,"loc":{"start":{"line":207,"column":55},"end":{"line":207,"column":63}},"locations":[{"start":{"line":207,"column":55},"end":{"line":207,"column":63}}]},"15":{"type":"branch","line":209,"loc":{"start":{"line":209,"column":4},"end":{"line":211,"column":5}},"locations":[{"start":{"line":209,"column":4},"end":{"line":211,"column":5}}]},"16":{"type":"branch","line":214,"loc":{"start":{"line":214,"column":49},"end":{"line":219,"column":5}},"locations":[{"start":{"line":214,"column":49},"end":{"line":219,"column":5}}]},"17":{"type":"branch","line":216,"loc":{"start":{"line":216,"column":32},"end":{"line":216,"column":78}},"locations":[{"start":{"line":216,"column":32},"end":{"line":216,"column":78}}]},"18":{"type":"branch","line":228,"loc":{"start":{"line":228,"column":10},"end":{"line":238,"column":3}},"locations":[{"start":{"line":228,"column":10},"end":{"line":238,"column":3}}]},"19":{"type":"branch","line":231,"loc":{"start":{"line":231,"column":25},"end":{"line":237,"column":5}},"locations":[{"start":{"line":231,"column":25},"end":{"line":237,"column":5}}]},"20":{"type":"branch","line":234,"loc":{"start":{"line":234,"column":32},"end":{"line":234,"column":75}},"locations":[{"start":{"line":234,"column":32},"end":{"line":234,"column":75}}]},"21":{"type":"branch","line":247,"loc":{"start":{"line":247,"column":10},"end":{"line":274,"column":3}},"locations":[{"start":{"line":247,"column":10},"end":{"line":274,"column":3}}]},"22":{"type":"branch","line":249,"loc":{"start":{"line":249,"column":49},"end":{"line":249,"column":56}},"locations":[{"start":{"line":249,"column":49},"end":{"line":249,"column":56}}]},"23":{"type":"branch","line":249,"loc":{"start":{"line":249,"column":49},"end":{"line":250,"column":56}},"locations":[{"start":{"line":249,"column":49},"end":{"line":250,"column":56}}]},"24":{"type":"branch","line":250,"loc":{"start":{"line":250,"column":49},"end":{"line":250,"column":56}},"locations":[{"start":{"line":250,"column":49},"end":{"line":250,"column":56}}]},"25":{"type":"branch","line":250,"loc":{"start":{"line":250,"column":49},"end":{"line":269,"column":37}},"locations":[{"start":{"line":250,"column":49},"end":{"line":269,"column":37}}]},"26":{"type":"branch","line":269,"loc":{"start":{"line":269,"column":37},"end":{"line":271,"column":5}},"locations":[{"start":{"line":269,"column":37},"end":{"line":271,"column":5}}]},"27":{"type":"branch","line":271,"loc":{"start":{"line":271,"column":4},"end":{"line":273,"column":47}},"locations":[{"start":{"line":271,"column":4},"end":{"line":273,"column":47}}]},"28":{"type":"branch","line":281,"loc":{"start":{"line":281,"column":10},"end":{"line":291,"column":3}},"locations":[{"start":{"line":281,"column":10},"end":{"line":291,"column":3}}]},"29":{"type":"branch","line":287,"loc":{"start":{"line":287,"column":32},"end":{"line":287,"column":76}},"locations":[{"start":{"line":287,"column":32},"end":{"line":287,"column":76}}]},"30":{"type":"branch","line":288,"loc":{"start":{"line":288,"column":4},"end":{"line":290,"column":5}},"locations":[{"start":{"line":288,"column":4},"end":{"line":290,"column":5}}]},"31":{"type":"branch","line":298,"loc":{"start":{"line":298,"column":10},"end":{"line":307,"column":3}},"locations":[{"start":{"line":298,"column":10},"end":{"line":307,"column":3}}]},"32":{"type":"branch","line":300,"loc":{"start":{"line":300,"column":37},"end":{"line":301,"column":60}},"locations":[{"start":{"line":300,"column":37},"end":{"line":301,"column":60}}]},"33":{"type":"branch","line":301,"loc":{"start":{"line":301,"column":45},"end":{"line":302,"column":59}},"locations":[{"start":{"line":301,"column":45},"end":{"line":302,"column":59}}]},"34":{"type":"branch","line":302,"loc":{"start":{"line":302,"column":31},"end":{"line":303,"column":14}},"locations":[{"start":{"line":302,"column":31},"end":{"line":303,"column":14}}]},"35":{"type":"branch","line":304,"loc":{"start":{"line":304,"column":4},"end":{"line":306,"column":5}},"locations":[{"start":{"line":304,"column":4},"end":{"line":306,"column":5}}]},"36":{"type":"branch","line":309,"loc":{"start":{"line":309,"column":10},"end":{"line":345,"column":3}},"locations":[{"start":{"line":309,"column":10},"end":{"line":345,"column":3}}]},"37":{"type":"branch","line":313,"loc":{"start":{"line":313,"column":64},"end":{"line":331,"column":5}},"locations":[{"start":{"line":313,"column":64},"end":{"line":331,"column":5}}]},"38":{"type":"branch","line":316,"loc":{"start":{"line":316,"column":32},"end":{"line":330,"column":7}},"locations":[{"start":{"line":316,"column":32},"end":{"line":330,"column":7}}]},"39":{"type":"branch","line":322,"loc":{"start":{"line":322,"column":42},"end":{"line":329,"column":9}},"locations":[{"start":{"line":322,"column":42},"end":{"line":329,"column":9}}]},"40":{"type":"branch","line":334,"loc":{"start":{"line":334,"column":25},"end":{"line":334,"column":52}},"locations":[{"start":{"line":334,"column":25},"end":{"line":334,"column":52}}]},"41":{"type":"branch","line":341,"loc":{"start":{"line":341,"column":54},"end":{"line":341,"column":89}},"locations":[{"start":{"line":341,"column":54},"end":{"line":341,"column":89}}]},"42":{"type":"branch","line":353,"loc":{"start":{"line":353,"column":10},"end":{"line":391,"column":3}},"locations":[{"start":{"line":353,"column":10},"end":{"line":391,"column":3}}]},"43":{"type":"branch","line":357,"loc":{"start":{"line":357,"column":27},"end":{"line":357,"column":74}},"locations":[{"start":{"line":357,"column":27},"end":{"line":357,"column":74}}]},"44":{"type":"branch","line":357,"loc":{"start":{"line":357,"column":74},"end":{"line":370,"column":5}},"locations":[{"start":{"line":357,"column":74},"end":{"line":370,"column":5}}]},"45":{"type":"branch","line":361,"loc":{"start":{"line":361,"column":48},"end":{"line":366,"column":7}},"locations":[{"start":{"line":361,"column":48},"end":{"line":366,"column":7}}]},"46":{"type":"branch","line":373,"loc":{"start":{"line":373,"column":56},"end":{"line":379,"column":5}},"locations":[{"start":{"line":373,"column":56},"end":{"line":379,"column":5}}]},"47":{"type":"branch","line":376,"loc":{"start":{"line":376,"column":27},"end":{"line":378,"column":7}},"locations":[{"start":{"line":376,"column":27},"end":{"line":378,"column":7}}]},"48":{"type":"branch","line":384,"loc":{"start":{"line":384,"column":52},"end":{"line":387,"column":7}},"locations":[{"start":{"line":384,"column":52},"end":{"line":387,"column":7}}]},"49":{"type":"branch","line":369,"loc":{"start":{"line":369,"column":62},"end":{"line":369,"column":79}},"locations":[{"start":{"line":369,"column":62},"end":{"line":369,"column":79}}]},"50":{"type":"branch","line":374,"loc":{"start":{"line":374,"column":50},"end":{"line":374,"column":65}},"locations":[{"start":{"line":374,"column":50},"end":{"line":374,"column":65}}]},"51":{"type":"branch","line":399,"loc":{"start":{"line":399,"column":9},"end":{"line":430,"column":3}},"locations":[{"start":{"line":399,"column":9},"end":{"line":430,"column":3}}]},"52":{"type":"branch","line":409,"loc":{"start":{"line":409,"column":40},"end":{"line":429,"column":7}},"locations":[{"start":{"line":409,"column":40},"end":{"line":429,"column":7}}]},"53":{"type":"branch","line":416,"loc":{"start":{"line":416,"column":30},"end":{"line":429,"column":5}},"locations":[{"start":{"line":416,"column":30},"end":{"line":429,"column":5}}]},"54":{"type":"branch","line":420,"loc":{"start":{"line":420,"column":30},"end":{"line":427,"column":7}},"locations":[{"start":{"line":420,"column":30},"end":{"line":427,"column":7}}]},"55":{"type":"branch","line":421,"loc":{"start":{"line":421,"column":61},"end":{"line":421,"column":72}},"locations":[{"start":{"line":421,"column":61},"end":{"line":421,"column":72}}]},"56":{"type":"branch","line":421,"loc":{"start":{"line":421,"column":65},"end":{"line":421,"column":77}},"locations":[{"start":{"line":421,"column":65},"end":{"line":421,"column":77}}]},"57":{"type":"branch","line":432,"loc":{"start":{"line":432,"column":9},"end":{"line":434,"column":3}},"locations":[{"start":{"line":432,"column":9},"end":{"line":434,"column":3}}]},"58":{"type":"branch","line":436,"loc":{"start":{"line":436,"column":9},"end":{"line":463,"column":3}},"locations":[{"start":{"line":436,"column":9},"end":{"line":463,"column":3}}]},"59":{"type":"branch","line":445,"loc":{"start":{"line":445,"column":40},"end":{"line":462,"column":7}},"locations":[{"start":{"line":445,"column":40},"end":{"line":462,"column":7}}]},"60":{"type":"branch","line":452,"loc":{"start":{"line":452,"column":30},"end":{"line":462,"column":5}},"locations":[{"start":{"line":452,"column":30},"end":{"line":462,"column":5}}]},"61":{"type":"branch","line":455,"loc":{"start":{"line":455,"column":30},"end":{"line":460,"column":7}},"locations":[{"start":{"line":455,"column":30},"end":{"line":460,"column":7}}]},"62":{"type":"branch","line":465,"loc":{"start":{"line":465,"column":17},"end":{"line":476,"column":3}},"locations":[{"start":{"line":465,"column":17},"end":{"line":476,"column":3}}]},"63":{"type":"branch","line":475,"loc":{"start":{"line":475,"column":22},"end":{"line":475,"column":39}},"locations":[{"start":{"line":475,"column":22},"end":{"line":475,"column":39}}]},"64":{"type":"branch","line":484,"loc":{"start":{"line":484,"column":2},"end":{"line":532,"column":3}},"locations":[{"start":{"line":484,"column":2},"end":{"line":532,"column":3}}]},"65":{"type":"branch","line":500,"loc":{"start":{"line":500,"column":21},"end":{"line":519,"column":5}},"locations":[{"start":{"line":500,"column":21},"end":{"line":519,"column":5}}]},"66":{"type":"branch","line":509,"loc":{"start":{"line":509,"column":40},"end":{"line":518,"column":7}},"locations":[{"start":{"line":509,"column":40},"end":{"line":518,"column":7}}]},"67":{"type":"branch","line":512,"loc":{"start":{"line":512,"column":30},"end":{"line":515,"column":16}},"locations":[{"start":{"line":512,"column":30},"end":{"line":515,"column":16}}]},"68":{"type":"branch","line":515,"loc":{"start":{"line":515,"column":8},"end":{"line":517,"column":9}},"locations":[{"start":{"line":515,"column":8},"end":{"line":517,"column":9}}]},"69":{"type":"branch","line":521,"loc":{"start":{"line":521,"column":21},"end":{"line":523,"column":5}},"locations":[{"start":{"line":521,"column":21},"end":{"line":523,"column":5}}]},"70":{"type":"branch","line":523,"loc":{"start":{"line":523,"column":4},"end":{"line":526,"column":59}},"locations":[{"start":{"line":523,"column":4},"end":{"line":526,"column":59}}]},"71":{"type":"branch","line":526,"loc":{"start":{"line":526,"column":57},"end":{"line":528,"column":13}},"locations":[{"start":{"line":526,"column":57},"end":{"line":528,"column":13}}]},"72":{"type":"branch","line":528,"loc":{"start":{"line":528,"column":4},"end":{"line":531,"column":5}},"locations":[{"start":{"line":528,"column":4},"end":{"line":531,"column":5}}]},"73":{"type":"branch","line":534,"loc":{"start":{"line":534,"column":2},"end":{"line":549,"column":3}},"locations":[{"start":{"line":534,"column":2},"end":{"line":549,"column":3}}]},"74":{"type":"branch","line":543,"loc":{"start":{"line":543,"column":4},"end":{"line":548,"column":5}},"locations":[{"start":{"line":543,"column":4},"end":{"line":548,"column":5}}]},"75":{"type":"branch","line":551,"loc":{"start":{"line":551,"column":17},"end":{"line":564,"column":3}},"locations":[{"start":{"line":551,"column":17},"end":{"line":564,"column":3}}]},"76":{"type":"branch","line":553,"loc":{"start":{"line":553,"column":31},"end":{"line":553,"column":74}},"locations":[{"start":{"line":553,"column":31},"end":{"line":553,"column":74}}]},"77":{"type":"branch","line":554,"loc":{"start":{"line":554,"column":34},"end":{"line":554,"column":83}},"locations":[{"start":{"line":554,"column":34},"end":{"line":554,"column":83}}]},"78":{"type":"branch","line":555,"loc":{"start":{"line":555,"column":34},"end":{"line":555,"column":83}},"locations":[{"start":{"line":555,"column":34},"end":{"line":555,"column":83}}]},"79":{"type":"branch","line":556,"loc":{"start":{"line":556,"column":34},"end":{"line":556,"column":83}},"locations":[{"start":{"line":556,"column":34},"end":{"line":556,"column":83}}]},"80":{"type":"branch","line":557,"loc":{"start":{"line":557,"column":30},"end":{"line":557,"column":71}},"locations":[{"start":{"line":557,"column":30},"end":{"line":557,"column":71}}]},"81":{"type":"branch","line":558,"loc":{"start":{"line":558,"column":30},"end":{"line":558,"column":71}},"locations":[{"start":{"line":558,"column":30},"end":{"line":558,"column":71}}]}},"b":{"0":[0],"1":[17],"2":[17],"3":[17],"4":[9],"5":[48],"6":[17],"7":[221],"8":[173],"9":[48],"10":[221],"11":[2],"12":[223],"13":[48],"14":[0],"15":[0],"16":[10],"17":[8],"18":[288],"19":[152],"20":[129],"21":[162],"22":[4],"23":[158],"24":[2],"25":[156],"26":[126],"27":[156],"28":[156],"29":[0],"30":[0],"31":[137],"32":[0],"33":[0],"34":[0],"35":[0],"36":[17],"37":[126],"38":[30],"39":[29],"40":[16],"41":[29],"42":[30],"43":[27],"44":[7],"45":[14],"46":[29],"47":[0],"48":[1],"49":[14],"50":[58],"51":[2],"52":[1],"53":[2],"54":[5],"55":[2],"56":[3],"57":[1],"58":[2],"59":[1],"60":[2],"61":[5],"62":[2],"63":[0],"64":[5],"65":[2],"66":[5],"67":[1],"68":[4],"69":[1],"70":[4],"71":[3],"72":[1],"73":[4],"74":[0],"75":[3],"76":[2],"77":[0],"78":[1],"79":[2],"80":[2],"81":[2]},"fnMap":{"0":{"name":"<instance_members_initializer>","decl":{"start":{"line":94,"column":31},"end":{"line":392,"column":1}},"loc":{"start":{"line":94,"column":31},"end":{"line":392,"column":1}},"line":94},"1":{"name":"DuplicateDetector","decl":{"start":{"line":106,"column":2},"end":{"line":128,"column":3}},"loc":{"start":{"line":106,"column":2},"end":{"line":128,"column":3}},"line":106},"2":{"name":"detect","decl":{"start":{"line":135,"column":2},"end":{"line":149,"column":3}},"loc":{"start":{"line":135,"column":2},"end":{"line":149,"column":3}},"line":135},"3":{"name":"getFilteredSourceFiles","decl":{"start":{"line":155,"column":10},"end":{"line":173,"column":3}},"loc":{"start":{"line":155,"column":10},"end":{"line":173,"column":3}},"line":155},"4":{"name":"matchesGlob","decl":{"start":{"line":181,"column":10},"end":{"line":189,"column":3}},"loc":{"start":{"line":181,"column":10},"end":{"line":189,"column":3}},"line":181},"5":{"name":"scanSourceFile","decl":{"start":{"line":195,"column":2},"end":{"line":220,"column":3}},"loc":{"start":{"line":195,"column":2},"end":{"line":220,"column":3}},"line":195},"6":{"name":"scanDeclarations","decl":{"start":{"line":228,"column":10},"end":{"line":238,"column":3}},"loc":{"start":{"line":228,"column":10},"end":{"line":238,"column":3}},"line":228},"7":{"name":"addDeclaration","decl":{"start":{"line":247,"column":10},"end":{"line":274,"column":3}},"loc":{"start":{"line":247,"column":10},"end":{"line":274,"column":3}},"line":247},"8":{"name":"getDeclarationContext","decl":{"start":{"line":281,"column":10},"end":{"line":291,"column":3}},"loc":{"start":{"line":281,"column":10},"end":{"line":291,"column":3}},"line":281},"9":{"name":"isExported","decl":{"start":{"line":298,"column":10},"end":{"line":307,"column":3}},"loc":{"start":{"line":298,"column":10},"end":{"line":307,"column":3}},"line":298},"10":{"name":"generateReport","decl":{"start":{"line":309,"column":10},"end":{"line":345,"column":3}},"loc":{"start":{"line":309,"column":10},"end":{"line":345,"column":3}},"line":309},"11":{"name":"applyRules","decl":{"start":{"line":353,"column":10},"end":{"line":391,"column":3}},"loc":{"start":{"line":353,"column":10},"end":{"line":391,"column":3}},"line":353},"12":{"name":"console","decl":{"start":{"line":399,"column":9},"end":{"line":430,"column":3}},"loc":{"start":{"line":399,"column":9},"end":{"line":430,"column":3}},"line":399},"13":{"name":"json","decl":{"start":{"line":432,"column":9},"end":{"line":434,"column":3}},"loc":{"start":{"line":432,"column":9},"end":{"line":434,"column":3}},"line":432},"14":{"name":"markdown","decl":{"start":{"line":436,"column":9},"end":{"line":463,"column":3}},"loc":{"start":{"line":436,"column":9},"end":{"line":463,"column":3}},"line":436},"15":{"name":"getTypeColor","decl":{"start":{"line":465,"column":17},"end":{"line":476,"column":3}},"loc":{"start":{"line":465,"column":17},"end":{"line":476,"column":3}},"line":465},"16":{"name":"load","decl":{"start":{"line":484,"column":2},"end":{"line":532,"column":3}},"loc":{"start":{"line":484,"column":2},"end":{"line":532,"column":3}},"line":484},"17":{"name":"loadConfigFile","decl":{"start":{"line":534,"column":2},"end":{"line":549,"column":3}},"loc":{"start":{"line":534,"column":2},"end":{"line":549,"column":3}},"line":534},"18":{"name":"mergeConfig","decl":{"start":{"line":551,"column":17},"end":{"line":564,"column":3}},"loc":{"start":{"line":551,"column":17},"end":{"line":564,"column":3}},"line":551},"19":{"name":"main","decl":{"start":{"line":571,"column":0},"end":{"line":644,"column":1}},"loc":{"start":{"line":571,"column":0},"end":{"line":644,"column":1}},"line":571}},"f":{"0":17,"1":17,"2":17,"3":17,"4":223,"5":48,"6":288,"7":162,"8":156,"9":137,"10":17,"11":30,"12":2,"13":1,"14":2,"15":2,"16":5,"17":4,"18":3,"19":0}}
}
